{"name": "test_float_add[float_add_result1]", "status": "failed", "statusDetails": {"message": "AssertionError: assert 3.3 == 3.3000000000000003", "trace": "self = <python_scripts.third_pytest_scripts_01.TestCase_Calculator.TestCal.TestCalculator object at 0x7fa49ab3a610>, a = 1.1, b = 2.2\nexpect = 3.3\n\n    @allure.story(\"小数加法\")\n    @pytest.mark.parametrize(\n        ['a', 'b', 'expect'],\n        [data for data in get_data('float_add')],\n        ids=[\n            'float_add_result1',\n            'float_add_result2',\n            'float_add_result3'\n        ])\n    def test_float_add(self, a, b, expect):\n        result = self.cal.add(a, b)\n>       assert expect == result\nE       assert 3.3 == 3.3000000000000003\n\nTestCal.py:90: AssertionError"}, "parameters": [{"name": "a", "value": "1.1"}, {"name": "b", "value": "2.2"}, {"name": "expect", "value": "3.3"}], "start": 1597461583118, "stop": 1597461583119, "uuid": "fe415be1-a13e-4484-9cc0-0dd7ea837b3e", "historyId": "09bbdc0aa3f78c9dacbf1cf649def433", "testCaseId": "7fc56c0a55e0eb20fe2bb362bf3ff35e", "fullName": "TestCal.TestCalculator#test_float_add", "labels": [{"name": "feature", "value": "计算器"}, {"name": "story", "value": "小数加法"}, {"name": "suite", "value": "TestCal"}, {"name": "subSuite", "value": "TestCalculator"}, {"name": "host", "value": "CreamK"}, {"name": "thread", "value": "65678-MainThread"}, {"name": "framework", "value": "pytest"}, {"name": "language", "value": "cpython3"}, {"name": "package", "value": "TestCal"}]}