{
  "uid" : "56e889f60418f4bb",
  "name" : "test_float_add[float_add_result3]",
  "fullName" : "TestCal.TestCalculator#test_float_add",
  "historyId" : "e47266a362b7ff233fcbebdbe3aca0b7",
  "time" : {
    "start" : 1597492023677,
    "stop" : 1597492023678,
    "duration" : 1
  },
  "status" : "failed",
  "statusMessage" : "AssertionError: assert 0.3 == 0.2",
  "statusTrace" : "self = <python_scripts.third_pytest_scripts_01.TestCase_Calculator.TestCal.TestCalculator object at 0x7fdf989f91d0>, a = 0.1, b = 0.1\nexpect = 0.3\n\n    @allure.story(\"小数加法\")\n    @pytest.mark.parametrize(\n        ['a', 'b', 'expect'],\n        [data for data in get_data('float_add')],\n        ids=[\n            'float_add_result1',\n            'float_add_result2',\n            'float_add_result3'\n        ])\n    def test_float_add(self, a, b, expect):\n        result = self.cal.add(a, b)\n>       assert expect == result\nE       assert 0.3 == 0.2\n\nTestCal.py:94: AssertionError",
  "flaky" : false,
  "newFailed" : false,
  "beforeStages" : [ {
    "name" : "_Class__pytest_setup_class",
    "time" : {
      "start" : 1597492023557,
      "stop" : 1597492023558,
      "duration" : 1
    },
    "status" : "passed",
    "steps" : [ ],
    "attachments" : [ ],
    "parameters" : [ ],
    "stepsCount" : 0,
    "attachmentsCount" : 0,
    "shouldDisplayMessage" : false,
    "hasContent" : false
  } ],
  "afterStages" : [ {
    "name" : "_Class__pytest_setup_class::0",
    "time" : {
      "start" : 1597492023725,
      "stop" : 1597492023725,
      "duration" : 0
    },
    "status" : "passed",
    "steps" : [ ],
    "attachments" : [ ],
    "parameters" : [ ],
    "stepsCount" : 0,
    "attachmentsCount" : 0,
    "shouldDisplayMessage" : false,
    "hasContent" : false
  } ],
  "labels" : [ {
    "name" : "story",
    "value" : "小数加法"
  }, {
    "name" : "feature",
    "value" : "计算器"
  }, {
    "name" : "suite",
    "value" : "TestCal"
  }, {
    "name" : "subSuite",
    "value" : "TestCalculator"
  }, {
    "name" : "host",
    "value" : "CreamK"
  }, {
    "name" : "thread",
    "value" : "81900-MainThread"
  }, {
    "name" : "framework",
    "value" : "pytest"
  }, {
    "name" : "language",
    "value" : "cpython3"
  }, {
    "name" : "package",
    "value" : "TestCal"
  }, {
    "name" : "resultFormat",
    "value" : "allure2"
  } ],
  "parameters" : [ {
    "name" : "a",
    "value" : "0.1"
  }, {
    "name" : "b",
    "value" : "0.1"
  }, {
    "name" : "expect",
    "value" : "0.3"
  } ],
  "links" : [ ],
  "hidden" : false,
  "retry" : false,
  "extra" : {
    "severity" : "normal",
    "retries" : [ {
      "uid" : "24735d66fb704518",
      "status" : "failed",
      "statusDetails" : "AssertionError: assert 0.3 == 0.2",
      "time" : {
        "start" : 1597491686449,
        "stop" : 1597491686449,
        "duration" : 0
      }
    } ],
    "categories" : [ {
      "name" : "Product defects",
      "matchedStatuses" : [ ],
      "flaky" : false
    } ],
    "tags" : [ ]
  },
  "source" : "56e889f60418f4bb.json",
  "parameterValues" : [ "0.1", "0.1", "0.3" ]
}