{
  "uid" : "5a6cc47f0053fdf5",
  "name" : "test_float_add[float_add_result1]",
  "fullName" : "TestCal.TestCalculator#test_float_add",
  "historyId" : "09bbdc0aa3f78c9dacbf1cf649def433",
  "time" : {
    "start" : 1597492023649,
    "stop" : 1597492023649,
    "duration" : 0
  },
  "status" : "failed",
  "statusMessage" : "AssertionError: assert 3.3 == 3.3000000000000003",
  "statusTrace" : "self = <python_scripts.third_pytest_scripts_01.TestCase_Calculator.TestCal.TestCalculator object at 0x7fdf98a0ac10>, a = 1.1, b = 2.2\nexpect = 3.3\n\n    @allure.story(\"小数加法\")\n    @pytest.mark.parametrize(\n        ['a', 'b', 'expect'],\n        [data for data in get_data('float_add')],\n        ids=[\n            'float_add_result1',\n            'float_add_result2',\n            'float_add_result3'\n        ])\n    def test_float_add(self, a, b, expect):\n        result = self.cal.add(a, b)\n>       assert expect == result\nE       assert 3.3 == 3.3000000000000003\n\nTestCal.py:94: AssertionError",
  "flaky" : false,
  "newFailed" : false,
  "beforeStages" : [ {
    "name" : "_Class__pytest_setup_class",
    "time" : {
      "start" : 1597492023557,
      "stop" : 1597492023558,
      "duration" : 1
    },
    "status" : "passed",
    "steps" : [ ],
    "attachments" : [ ],
    "parameters" : [ ],
    "stepsCount" : 0,
    "attachmentsCount" : 0,
    "shouldDisplayMessage" : false,
    "hasContent" : false
  } ],
  "afterStages" : [ {
    "name" : "_Class__pytest_setup_class::0",
    "time" : {
      "start" : 1597492023725,
      "stop" : 1597492023725,
      "duration" : 0
    },
    "status" : "passed",
    "steps" : [ ],
    "attachments" : [ ],
    "parameters" : [ ],
    "stepsCount" : 0,
    "attachmentsCount" : 0,
    "shouldDisplayMessage" : false,
    "hasContent" : false
  } ],
  "labels" : [ {
    "name" : "story",
    "value" : "小数加法"
  }, {
    "name" : "feature",
    "value" : "计算器"
  }, {
    "name" : "suite",
    "value" : "TestCal"
  }, {
    "name" : "subSuite",
    "value" : "TestCalculator"
  }, {
    "name" : "host",
    "value" : "CreamK"
  }, {
    "name" : "thread",
    "value" : "81900-MainThread"
  }, {
    "name" : "framework",
    "value" : "pytest"
  }, {
    "name" : "language",
    "value" : "cpython3"
  }, {
    "name" : "package",
    "value" : "TestCal"
  }, {
    "name" : "resultFormat",
    "value" : "allure2"
  } ],
  "parameters" : [ {
    "name" : "a",
    "value" : "1.1"
  }, {
    "name" : "b",
    "value" : "2.2"
  }, {
    "name" : "expect",
    "value" : "3.3"
  } ],
  "links" : [ ],
  "hidden" : false,
  "retry" : false,
  "extra" : {
    "severity" : "normal",
    "retries" : [ {
      "uid" : "49f6370da9d545a0",
      "status" : "failed",
      "statusDetails" : "AssertionError: assert 3.3 == 3.3000000000000003",
      "time" : {
        "start" : 1597491686435,
        "stop" : 1597491686435,
        "duration" : 0
      }
    } ],
    "categories" : [ {
      "name" : "Product defects",
      "matchedStatuses" : [ ],
      "flaky" : false
    } ],
    "tags" : [ ]
  },
  "source" : "5a6cc47f0053fdf5.json",
  "parameterValues" : [ "1.1", "2.2", "3.3" ]
}