{
  "uid" : "7018095622bd42e1",
  "name" : "test_float_add[float_add_result2]",
  "fullName" : "TestCal.TestCalculator#test_float_add",
  "historyId" : "9212e32dcf4a814761930c955bfcd9b9",
  "time" : {
    "start" : 1597492023663,
    "stop" : 1597492023664,
    "duration" : 1
  },
  "status" : "failed",
  "statusMessage" : "AssertionError: assert 9.7 == 9.6",
  "statusTrace" : "self = <python_scripts.third_pytest_scripts_01.TestCase_Calculator.TestCal.TestCalculator object at 0x7fdf98a16610>, a = 5.5, b = 4.1\nexpect = 9.7\n\n    @allure.story(\"小数加法\")\n    @pytest.mark.parametrize(\n        ['a', 'b', 'expect'],\n        [data for data in get_data('float_add')],\n        ids=[\n            'float_add_result1',\n            'float_add_result2',\n            'float_add_result3'\n        ])\n    def test_float_add(self, a, b, expect):\n        result = self.cal.add(a, b)\n>       assert expect == result\nE       assert 9.7 == 9.6\n\nTestCal.py:94: AssertionError",
  "flaky" : false,
  "newFailed" : false,
  "beforeStages" : [ {
    "name" : "_Class__pytest_setup_class",
    "time" : {
      "start" : 1597492023557,
      "stop" : 1597492023558,
      "duration" : 1
    },
    "status" : "passed",
    "steps" : [ ],
    "attachments" : [ ],
    "parameters" : [ ],
    "stepsCount" : 0,
    "attachmentsCount" : 0,
    "shouldDisplayMessage" : false,
    "hasContent" : false
  } ],
  "afterStages" : [ {
    "name" : "_Class__pytest_setup_class::0",
    "time" : {
      "start" : 1597492023725,
      "stop" : 1597492023725,
      "duration" : 0
    },
    "status" : "passed",
    "steps" : [ ],
    "attachments" : [ ],
    "parameters" : [ ],
    "stepsCount" : 0,
    "attachmentsCount" : 0,
    "shouldDisplayMessage" : false,
    "hasContent" : false
  } ],
  "labels" : [ {
    "name" : "story",
    "value" : "小数加法"
  }, {
    "name" : "feature",
    "value" : "计算器"
  }, {
    "name" : "suite",
    "value" : "TestCal"
  }, {
    "name" : "subSuite",
    "value" : "TestCalculator"
  }, {
    "name" : "host",
    "value" : "CreamK"
  }, {
    "name" : "thread",
    "value" : "81900-MainThread"
  }, {
    "name" : "framework",
    "value" : "pytest"
  }, {
    "name" : "language",
    "value" : "cpython3"
  }, {
    "name" : "package",
    "value" : "TestCal"
  }, {
    "name" : "resultFormat",
    "value" : "allure2"
  } ],
  "parameters" : [ {
    "name" : "a",
    "value" : "5.5"
  }, {
    "name" : "b",
    "value" : "4.1"
  }, {
    "name" : "expect",
    "value" : "9.7"
  } ],
  "links" : [ ],
  "hidden" : false,
  "retry" : false,
  "extra" : {
    "severity" : "normal",
    "retries" : [ {
      "uid" : "a3bd01c83951e6d0",
      "status" : "failed",
      "statusDetails" : "AssertionError: assert 9.7 == 9.6",
      "time" : {
        "start" : 1597491686441,
        "stop" : 1597491686441,
        "duration" : 0
      }
    } ],
    "categories" : [ {
      "name" : "Product defects",
      "matchedStatuses" : [ ],
      "flaky" : false
    } ],
    "tags" : [ ]
  },
  "source" : "7018095622bd42e1.json",
  "parameterValues" : [ "5.5", "4.1", "9.7" ]
}