{"name": "test_float_add[float_add_result1]", "status": "failed", "statusDetails": {"message": "AssertionError: assert 3.3 == 3.3000000000000003", "trace": "self = <python_scripts.third_pytest_scripts_01.TestCase_Calculator.TestCal.TestCalculator object at 0x7fd1421fc8d0>, a = 1.1, b = 2.2, expect = 3.3\n\n    @pytest.mark.parametrize(\n        ['a', 'b', 'expect'],\n        [data for data in get_data('float_add')],\n        ids=[\n            'float_add_result1',\n            'float_add_result2',\n            'float_add_result3'\n        ])\n    def test_float_add(self, a, b, expect):\n        result = self.cal.add(a, b)\n>       assert expect == result\nE       assert 3.3 == 3.3000000000000003\n\nTestCal.py:84: AssertionError"}, "parameters": [{"name": "a", "value": "1.1"}, {"name": "b", "value": "2.2"}, {"name": "expect", "value": "3.3"}], "start": 1597458668602, "stop": 1597458668602, "uuid": "631eb728-01be-4e1d-99ce-8d4956b86455", "historyId": "09bbdc0aa3f78c9dacbf1cf649def433", "testCaseId": "7fc56c0a55e0eb20fe2bb362bf3ff35e", "fullName": "TestCal.TestCalculator#test_float_add", "labels": [{"name": "suite", "value": "TestCal"}, {"name": "subSuite", "value": "TestCalculator"}, {"name": "host", "value": "CreamK"}, {"name": "thread", "value": "63325-MainThread"}, {"name": "framework", "value": "pytest"}, {"name": "language", "value": "cpython3"}, {"name": "package", "value": "TestCal"}]}