{"name": "test_float_add[float_add_result3]", "status": "failed", "statusDetails": {"message": "AssertionError: assert 0.3 == 0.2", "trace": "self = <python_scripts.third_pytest_scripts_01.TestCase_Calculator.TestCal.TestCalculator object at 0x7fd142232850>, a = 0.1, b = 0.1, expect = 0.3\n\n    @pytest.mark.parametrize(\n        ['a', 'b', 'expect'],\n        [data for data in get_data('float_add')],\n        ids=[\n            'float_add_result1',\n            'float_add_result2',\n            'float_add_result3'\n        ])\n    def test_float_add(self, a, b, expect):\n        result = self.cal.add(a, b)\n>       assert expect == result\nE       assert 0.3 == 0.2\n\nTestCal.py:84: AssertionError"}, "parameters": [{"name": "a", "value": "0.1"}, {"name": "b", "value": "0.1"}, {"name": "expect", "value": "0.3"}], "start": 1597458668618, "stop": 1597458668618, "uuid": "9d499448-5c10-4ac3-be14-01b9df9849b0", "historyId": "e47266a362b7ff233fcbebdbe3aca0b7", "testCaseId": "7fc56c0a55e0eb20fe2bb362bf3ff35e", "fullName": "TestCal.TestCalculator#test_float_add", "labels": [{"name": "suite", "value": "TestCal"}, {"name": "subSuite", "value": "TestCalculator"}, {"name": "host", "value": "CreamK"}, {"name": "thread", "value": "63325-MainThread"}, {"name": "framework", "value": "pytest"}, {"name": "language", "value": "cpython3"}, {"name": "package", "value": "TestCal"}]}