{"name": "test_float_div[float_div_result1]", "status": "failed", "statusDetails": {"message": "AssertionError: assert 3.3 == 3.3000000000000003", "trace": "self = <python_scripts.third_pytest_scripts_01.TestCase_Calculator.TestCal.TestCalculator object at 0x7fd14220c910>, a = 9.9, b = 3, expect = 3.3\n\n    @pytest.mark.parametrize(\n        ['a', 'b', 'expect'],\n        [data for data in get_data('float_div')],\n        ids=[\n            'float_div_result1',\n            'float_div_result2',\n            'float_div_result3'\n        ])\n    def test_float_div(self, a, b, expect):\n        result = self.cal.div(a, b)\n>       assert expect == result\nE       assert 3.3 == 3.3000000000000003\n\nTestCal.py:96: AssertionError"}, "parameters": [{"name": "a", "value": "9.9"}, {"name": "b", "value": "3"}, {"name": "expect", "value": "3.3"}], "start": 1597458668624, "stop": 1597458668625, "uuid": "c835b796-ca0f-4b85-b17a-d0e80d17179f", "historyId": "1467a6712f1bb90e3b437b705c481d7f", "testCaseId": "17538e1bf92dd1fc932a15331006b6f4", "fullName": "TestCal.TestCalculator#test_float_div", "labels": [{"name": "suite", "value": "TestCal"}, {"name": "subSuite", "value": "TestCalculator"}, {"name": "host", "value": "CreamK"}, {"name": "thread", "value": "63325-MainThread"}, {"name": "framework", "value": "pytest"}, {"name": "language", "value": "cpython3"}, {"name": "package", "value": "TestCal"}]}